<?xml version="1.0" encoding="UTF-8"?>
<testng-results ignored="0" total="1" passed="1" failed="0" skipped="0">
  <reporter-output>
  </reporter-output>
  <suite started-at="2025-08-31T07:10:16Z" name="Suite" finished-at="2025-08-31T07:10:23Z" duration-ms="6335">
    <groups>
    </groups>
    <test started-at="2025-08-31T07:10:16Z" name="Test" finished-at="2025-08-31T07:10:23Z" duration-ms="6335">
      <class name="org.demo.Execusion">
        <test-method signature="test1(java.lang.String, java.lang.String)[pri:0, instance:org.demo.Execusion@606e4010]" started-at="2025-08-31T07:10:16Z" name="test1" finished-at="2025-08-31T07:10:23Z" duration-ms="6275" status="PASS">
          <params>
            <param index="0">
              <value>
                <![CDATA[dummy]]>
              </value>
            </param>
            <param index="1">
              <value>
                <![CDATA[demo@123]]>
              </value>
            </param>
          </params>
          <reporter-output>
          </reporter-output>
        </test-method> <!-- test1 -->
      </class> <!-- org.demo.Execusion -->
    </test> <!-- Test -->
  </suite> <!-- Suite -->
</testng-results>
